<?xml version="1.0" encoding="UTF-8"?>
<!-- Generated by org.testng.reporters.JUnitReportReporter -->
<testsuite hostname="pc" failures="0" tests="1" name="DriverFactory.Apptest" time="281.458" errors="0" timestamp="2021-02-04T17:46:57 IST" skipped="0">
  <testcase classname="DriverFactory.Apptest" name="kickStart" time="281.458"/>
  <system-out/>
</testsuite> <!-- DriverFactory.Apptest -->
