<?xml version="1.0" encoding="UTF-8"?>
<!-- Generated by org.testng.reporters.JUnitReportReporter -->
<testsuite skipped="0" hostname="MTLP-604" name="DriverFactory.Apptest" tests="1" failures="0" timestamp="2021-05-20T12:49:12 IST" time="0.016" errors="0">
  <testcase name="kickStart" time="0.016" classname="DriverFactory.Apptest"/>
</testsuite> <!-- DriverFactory.Apptest -->
